[2021-09-30T12:06:45.428] [DEBUG] cheese - login => username:admin,password:123456
[2021-09-30T12:06:45.431] [DEBUG] cheese - admin
[2021-09-30T12:06:45.446] [DEBUG] cheese - null
[2021-09-30T12:06:45.447] [DEBUG] cheese - null
[2021-09-30T16:06:46.639] [DEBUG] cheese - login => username:admin,password:123456
[2021-09-30T16:06:46.643] [DEBUG] cheese - admin
[2021-09-30T16:06:46.661] [DEBUG] cheese - null
[2021-09-30T16:06:46.662] [DEBUG] cheese - null
[2021-09-30T16:08:01.322] [DEBUG] cheese - login => username:admin,password:123456
[2021-09-30T16:08:01.323] [DEBUG] cheese - admin 
[2021-09-30T16:08:01.325] [DEBUG] cheese - null
[2021-09-30T16:08:01.326] [DEBUG] cheese - null
[2021-09-30T16:08:08.881] [DEBUG] cheese - login => username:admin,password:123456
[2021-09-30T16:08:08.881] [DEBUG] cheese - admin
[2021-09-30T16:08:08.884] [DEBUG] cheese - null
[2021-09-30T16:08:08.884] [DEBUG] cheese - null
[2021-09-30T16:08:36.068] [DEBUG] cheese - login => username:admin,password:123456
[2021-09-30T16:08:36.069] [DEBUG] cheese - admin
[2021-09-30T16:08:36.073] [DEBUG] cheese - null
[2021-09-30T16:08:36.074] [DEBUG] cheese - null
[2021-09-30T16:14:21.311] [DEBUG] cheese - login => username:111,password:111
[2021-09-30T16:14:21.311] [DEBUG] cheese - 111
[2021-09-30T16:14:21.315] [DEBUG] cheese - null
[2021-09-30T16:14:21.315] [DEBUG] cheese - null
[2021-09-30T16:14:54.228] [DEBUG] cheese - login => username:admin,password:123456
[2021-09-30T16:14:54.229] [DEBUG] cheese - admin
[2021-09-30T16:14:54.232] [DEBUG] cheese - null
[2021-09-30T16:14:54.232] [DEBUG] cheese - null
[2021-09-30T16:18:31.643] [DEBUG] cheese - login => username:admin,password:123456
[2021-09-30T16:18:31.643] [DEBUG] cheese - admin
[2021-09-30T16:18:31.646] [DEBUG] cheese - null
[2021-09-30T16:18:31.646] [DEBUG] cheese - null
[2021-09-30T16:19:53.772] [DEBUG] cheese - login => username:admin,password:123456
[2021-09-30T16:19:53.772] [DEBUG] cheese - admin
[2021-09-30T16:19:53.775] [DEBUG] cheese - null
[2021-09-30T16:19:53.775] [DEBUG] cheese - null
[2021-09-30T16:20:20.306] [DEBUG] cheese - login => username:admin,password:123456
[2021-09-30T16:20:20.307] [DEBUG] cheese - admin
[2021-09-30T16:20:20.309] [DEBUG] cheese - null
[2021-09-30T16:20:20.309] [DEBUG] cheese - null
[2021-09-30T16:20:21.143] [DEBUG] cheese - login => username:admin,password:123456
[2021-09-30T16:20:21.144] [DEBUG] cheese - admin
[2021-09-30T16:20:21.147] [DEBUG] cheese - null
[2021-09-30T16:20:21.147] [DEBUG] cheese - null
[2021-09-30T16:20:21.688] [DEBUG] cheese - login => username:admin,password:123456
[2021-09-30T16:20:21.688] [DEBUG] cheese - admin
[2021-09-30T16:20:21.698] [DEBUG] cheese - null
[2021-09-30T16:20:21.698] [DEBUG] cheese - null
[2021-09-30T16:20:22.176] [DEBUG] cheese - login => username:admin,password:123456
[2021-09-30T16:20:22.176] [DEBUG] cheese - admin
[2021-09-30T16:20:22.179] [DEBUG] cheese - null
[2021-09-30T16:20:22.179] [DEBUG] cheese - null
[2021-09-30T16:21:52.507] [DEBUG] cheese - login => username:admin,password:123456
[2021-09-30T16:21:52.508] [DEBUG] cheese - admin
[2021-09-30T16:21:52.510] [DEBUG] cheese - null
[2021-09-30T16:21:52.511] [DEBUG] cheese - null
[2021-09-30T16:23:58.507] [DEBUG] cheese - login => username:admin,password:123456
[2021-09-30T16:23:58.507] [DEBUG] cheese - admin
[2021-09-30T16:23:58.511] [DEBUG] cheese - null
[2021-09-30T16:23:58.511] [DEBUG] cheese - null
[2021-09-30T16:24:09.508] [DEBUG] cheese - login => username:admin,password:123456
[2021-09-30T16:24:09.508] [DEBUG] cheese - admin
[2021-09-30T16:24:09.511] [DEBUG] cheese - null
[2021-09-30T16:24:09.511] [DEBUG] cheese - null
[2021-09-30T16:25:30.564] [DEBUG] cheese - login => username:admin,password:123456
[2021-09-30T16:25:30.564] [DEBUG] cheese - admin
[2021-09-30T16:25:30.567] [DEBUG] cheese - null
[2021-09-30T16:25:30.567] [DEBUG] cheese - null
[2021-09-30T16:25:50.619] [DEBUG] cheese - login => username:admin,password:123456
[2021-09-30T16:25:50.619] [DEBUG] cheese - admin
[2021-09-30T16:25:50.622] [DEBUG] cheese - null
[2021-09-30T16:25:50.622] [DEBUG] cheese - null
[2021-09-30T16:26:17.450] [DEBUG] cheese - login => username:admin,password:123456
[2021-09-30T16:26:17.450] [DEBUG] cheese - admin
[2021-09-30T16:26:17.452] [DEBUG] cheese - null
[2021-09-30T16:26:17.453] [DEBUG] cheese - null
[2021-09-30T16:26:21.528] [DEBUG] cheese - login => username:admin,password:123456
[2021-09-30T16:26:21.528] [DEBUG] cheese - admin
[2021-09-30T16:26:21.531] [DEBUG] cheese - null
[2021-09-30T16:26:21.531] [DEBUG] cheese - null
[2021-09-30T16:27:25.973] [DEBUG] cheese - login => username:admin,password:123456
[2021-09-30T16:27:25.973] [DEBUG] cheese - admin
[2021-09-30T16:27:25.976] [DEBUG] cheese - null
[2021-09-30T16:27:25.977] [DEBUG] cheese - null
[2021-09-30T16:41:45.853] [DEBUG] cheese - login => username:admin,password:123456
[2021-09-30T16:41:45.853] [DEBUG] cheese - admin
[2021-09-30T16:41:45.856] [DEBUG] cheese - null
[2021-09-30T16:41:45.856] [DEBUG] cheese - null
[2021-09-30T16:42:31.106] [DEBUG] cheese - login => username:admin,password:123456
[2021-09-30T16:42:31.106] [DEBUG] cheese - admin
[2021-09-30T16:42:31.109] [DEBUG] cheese - null
[2021-09-30T16:42:31.109] [DEBUG] cheese - null
[2021-09-30T16:42:33.529] [DEBUG] cheese - login => username:admin,password:123456
[2021-09-30T16:42:33.529] [DEBUG] cheese - admin
[2021-09-30T16:42:33.533] [DEBUG] cheese - null
[2021-09-30T16:42:33.533] [DEBUG] cheese - null
[2021-09-30T16:42:34.008] [DEBUG] cheese - login => username:admin,password:123456
[2021-09-30T16:42:34.008] [DEBUG] cheese - admin
[2021-09-30T16:42:34.012] [DEBUG] cheese - null
[2021-09-30T16:42:34.012] [DEBUG] cheese - null
[2021-09-30T16:42:34.440] [DEBUG] cheese - login => username:admin,password:123456
[2021-09-30T16:42:34.440] [DEBUG] cheese - admin
[2021-09-30T16:42:34.444] [DEBUG] cheese - null
[2021-09-30T16:42:34.445] [DEBUG] cheese - null
[2021-09-30T16:42:42.889] [DEBUG] cheese - login => username:admin,password:123456
[2021-09-30T16:42:42.890] [DEBUG] cheese - admin
[2021-09-30T16:42:42.892] [DEBUG] cheese - null
[2021-09-30T16:42:42.892] [DEBUG] cheese - null
[2021-09-30T16:42:45.631] [DEBUG] cheese - login => username:admin,password:12345
[2021-09-30T16:42:45.631] [DEBUG] cheese - admin
[2021-09-30T16:42:45.634] [DEBUG] cheese - null
[2021-09-30T16:42:45.634] [DEBUG] cheese - null
[2021-09-30T16:46:26.346] [DEBUG] cheese - login => username:admin,password:123456
[2021-09-30T16:46:26.347] [DEBUG] cheese - admin
[2021-09-30T16:46:26.350] [DEBUG] cheese - null
[2021-09-30T16:46:26.350] [DEBUG] cheese - null
[2021-09-30T16:54:36.807] [DEBUG] cheese - login => username:admin,password:123456
[2021-09-30T16:54:36.807] [DEBUG] cheese - admin
[2021-09-30T16:54:36.810] [DEBUG] cheese - null
[2021-09-30T16:54:36.810] [DEBUG] cheese - null
[2021-09-30T17:09:37.480] [DEBUG] cheese - login => username:admin,password:123456
[2021-09-30T17:09:37.480] [DEBUG] cheese - admin
[2021-09-30T17:09:37.484] [DEBUG] cheese - null
[2021-09-30T17:09:37.484] [DEBUG] cheese - null
[2021-09-30T18:46:15.427] [DEBUG] cheese - login => username:admin,password:123456
[2021-09-30T18:46:15.428] [DEBUG] cheese - admin
[2021-09-30T18:46:15.437] [DEBUG] cheese - null
[2021-09-30T18:46:15.437] [DEBUG] cheese - null
[2021-09-30T19:01:11.050] [DEBUG] cheese - login => username:admin,password:123456
[2021-09-30T19:01:11.050] [DEBUG] cheese - admin
[2021-09-30T19:01:11.053] [DEBUG] cheese - null
[2021-09-30T19:01:11.053] [DEBUG] cheese - null
[2021-09-30T19:01:31.641] [DEBUG] cheese - login => username:admin,password:123456
[2021-09-30T19:01:31.641] [DEBUG] cheese - admin
[2021-09-30T19:01:31.644] [DEBUG] cheese - null
[2021-09-30T19:01:31.644] [DEBUG] cheese - null
[2021-09-30T19:04:40.212] [DEBUG] cheese - login => username:admin,password:123456
[2021-09-30T19:04:40.212] [DEBUG] cheese - admin
[2021-09-30T19:04:40.215] [DEBUG] cheese - null
[2021-09-30T19:04:40.215] [DEBUG] cheese - null
[2021-10-01T08:34:00.016] [DEBUG] cheese - login => username:admin,password:123456
[2021-10-01T08:34:00.017] [DEBUG] cheese - admin
[2021-10-01T08:34:00.076] [DEBUG] cheese - null
[2021-10-01T08:34:00.077] [DEBUG] cheese - null
[2021-10-01T10:15:43.098] [DEBUG] cheese - login => username:admin,password:123456
[2021-10-01T10:15:43.099] [DEBUG] cheese - admin
[2021-10-01T10:15:43.105] [DEBUG] cheese - null
[2021-10-01T10:15:43.105] [DEBUG] cheese - null
[2021-10-01T16:04:44.256] [DEBUG] cheese - login => username:admin,password:123456
[2021-10-01T16:04:44.257] [DEBUG] cheese - admin
[2021-10-01T16:04:44.291] [DEBUG] cheese - null
[2021-10-01T16:04:44.291] [DEBUG] cheese - null
[2021-10-02T08:52:15.463] [DEBUG] cheese - login => username:admin,password:123456
[2021-10-02T08:52:15.466] [DEBUG] cheese - admin
[2021-10-02T08:52:15.512] [DEBUG] cheese - null
[2021-10-02T08:52:15.512] [DEBUG] cheese - null
[2021-10-02T19:04:20.274] [DEBUG] cheese - login => username:admin,password:123456
[2021-10-02T19:04:20.277] [DEBUG] cheese - admin
[2021-10-02T19:04:20.321] [DEBUG] cheese - null
[2021-10-02T19:04:20.322] [DEBUG] cheese - null
[2021-10-02T19:25:27.589] [DEBUG] cheese - login => username:chen,password:123456
[2021-10-02T19:25:27.589] [DEBUG] cheese - chen
[2021-10-02T19:25:27.592] [DEBUG] cheese - null
[2021-10-02T19:25:27.592] [DEBUG] cheese - null
[2021-10-02T19:25:29.801] [DEBUG] cheese - login => username:chen,password:123456
[2021-10-02T19:25:29.801] [DEBUG] cheese - chen
[2021-10-02T19:25:29.804] [DEBUG] cheese - null
[2021-10-02T19:25:29.804] [DEBUG] cheese - null
[2021-10-02T19:25:31.579] [DEBUG] cheese - login => username:chen,password:123456
[2021-10-02T19:25:31.579] [DEBUG] cheese - chen
[2021-10-02T19:25:31.583] [DEBUG] cheese - null
[2021-10-02T19:25:31.583] [DEBUG] cheese - null
[2021-10-02T19:25:36.828] [DEBUG] cheese - login => username:admin,password:123456
[2021-10-02T19:25:36.829] [DEBUG] cheese - admin
[2021-10-02T19:25:36.831] [DEBUG] cheese - null
[2021-10-02T19:25:36.831] [DEBUG] cheese - null
[2021-10-02T19:25:55.980] [DEBUG] cheese - login => username:chen,password:123456
[2021-10-02T19:25:55.980] [DEBUG] cheese - chen
[2021-10-02T19:25:55.983] [DEBUG] cheese - null
[2021-10-02T19:25:55.983] [DEBUG] cheese - null
[2021-10-02T19:25:57.777] [DEBUG] cheese - login => username:chen,password:123456
[2021-10-02T19:25:57.777] [DEBUG] cheese - chen
[2021-10-02T19:25:57.781] [DEBUG] cheese - null
[2021-10-02T19:25:57.781] [DEBUG] cheese - null
[2021-10-02T19:26:07.956] [DEBUG] cheese - login => username:admin,password:123456
[2021-10-02T19:26:07.956] [DEBUG] cheese - admin
[2021-10-02T19:26:07.959] [DEBUG] cheese - null
[2021-10-02T19:26:07.959] [DEBUG] cheese - null
[2021-10-03T17:24:16.043] [DEBUG] cheese - login => username:admin,password:123456
[2021-10-03T17:24:16.044] [DEBUG] cheese - admin
[2021-10-03T17:24:16.156] [DEBUG] cheese - null
[2021-10-03T17:24:16.157] [DEBUG] cheese - null
[2021-10-03T19:05:23.864] [DEBUG] cheese - null
[2021-10-03T19:20:06.516] [DEBUG] cheese - null
[2021-10-03T22:21:41.826] [DEBUG] cheese - login => username:admin,password:123456
[2021-10-03T22:21:41.827] [DEBUG] cheese - admin
[2021-10-03T22:21:41.869] [DEBUG] cheese - null
[2021-10-03T22:21:41.870] [DEBUG] cheese - null
[2021-10-04T10:02:31.675] [DEBUG] cheese - login => username:admin,password:123456
[2021-10-04T10:02:31.678] [DEBUG] cheese - admin
[2021-10-04T10:02:31.743] [DEBUG] cheese - null
[2021-10-04T10:02:31.743] [DEBUG] cheese - null
[2021-10-04T13:19:34.753] [DEBUG] cheese - login => username:admin,password:123456
[2021-10-04T13:19:34.754] [DEBUG] cheese - admin
[2021-10-04T13:19:34.773] [DEBUG] cheese - null
[2021-10-04T13:19:34.773] [DEBUG] cheese - null
[2021-10-04T15:59:29.088] [DEBUG] cheese - login => username:admin,password:123456
[2021-10-04T15:59:29.092] [DEBUG] cheese - admin
[2021-10-04T15:59:29.097] [DEBUG] cheese - null
[2021-10-04T15:59:29.098] [DEBUG] cheese - null
[2021-10-04T15:59:42.740] [DEBUG] cheese - login => username:admin,password:123456
[2021-10-04T15:59:42.740] [DEBUG] cheese - admin
[2021-10-04T15:59:42.743] [DEBUG] cheese - null
[2021-10-04T15:59:42.743] [DEBUG] cheese - null
[2021-10-05T11:54:03.535] [DEBUG] cheese - login => username:admin,password:123456
[2021-10-05T11:54:03.537] [DEBUG] cheese - admin
[2021-10-05T11:54:03.648] [DEBUG] cheese - null
[2021-10-05T11:54:03.649] [DEBUG] cheese - null
[2021-10-05T20:34:32.814] [DEBUG] cheese - login => username:admin,password:123456
[2021-10-05T20:34:32.819] [DEBUG] cheese - admin
[2021-10-05T20:34:32.831] [DEBUG] cheese - null
[2021-10-05T20:34:32.832] [DEBUG] cheese - null
[2021-10-05T20:47:22.975] [DEBUG] cheese - login => username:admin,password:123456
[2021-10-05T20:47:22.975] [DEBUG] cheese - admin
[2021-10-05T20:47:22.982] [DEBUG] cheese - null
[2021-10-05T20:47:22.982] [DEBUG] cheese - null
[2021-10-05T20:54:43.606] [DEBUG] cheese - login => username:admin,password:123456
[2021-10-05T20:54:43.608] [DEBUG] cheese - admin
[2021-10-05T20:54:43.611] [DEBUG] cheese - null
[2021-10-05T20:54:43.611] [DEBUG] cheese - null
[2021-10-05T21:12:16.038] [DEBUG] cheese - login => username:admin,password:123456
[2021-10-05T21:12:16.038] [DEBUG] cheese - admin
[2021-10-05T21:12:16.041] [DEBUG] cheese - null
[2021-10-05T21:12:16.042] [DEBUG] cheese - null
[2021-10-19T16:35:45.465] [DEBUG] cheese - login => username:admin,password:admin
[2021-10-19T16:35:45.467] [DEBUG] cheese - admin
[2021-10-19T16:35:45.528] [DEBUG] cheese - null
[2021-10-19T16:35:45.529] [DEBUG] cheese - null
[2021-10-19T16:35:50.690] [DEBUG] cheese - login => username:admin,password:123456
[2021-10-19T16:35:50.690] [DEBUG] cheese - admin
[2021-10-19T16:35:50.694] [DEBUG] cheese - null
[2021-10-19T16:35:50.694] [DEBUG] cheese - null
[2021-10-21T16:27:36.091] [DEBUG] cheese - login => username:admin,password:123456
[2021-10-21T16:27:36.093] [DEBUG] cheese - admin
[2021-10-21T16:27:36.166] [DEBUG] cheese - null
[2021-10-21T16:27:36.168] [DEBUG] cheese - null
[2021-10-21T16:30:26.196] [DEBUG] cheese - login => username:admin,password:123456
[2021-10-21T16:30:26.198] [DEBUG] cheese - admin
[2021-10-21T16:30:26.204] [DEBUG] cheese - null
[2021-10-21T16:30:26.204] [DEBUG] cheese - null
[2021-10-29T19:30:28.280] [DEBUG] cheese - login => username:admin,password:123456
[2021-10-29T19:30:28.281] [DEBUG] cheese - admin
[2021-10-29T19:30:28.417] [DEBUG] cheese - null
[2021-10-29T19:30:28.417] [DEBUG] cheese - null
[2021-10-29T19:41:07.292] [DEBUG] cheese - login => username:admin,password:123456
[2021-10-29T19:41:07.293] [DEBUG] cheese - admin
[2021-10-29T19:41:07.301] [DEBUG] cheese - null
[2021-10-29T19:41:07.301] [DEBUG] cheese - null
[2021-10-29T20:17:07.821] [DEBUG] cheese - login => username:admin,password:123456
[2021-10-29T20:17:07.828] [DEBUG] cheese - admin
[2021-10-29T20:17:07.839] [DEBUG] cheese - null
[2021-10-29T20:17:07.841] [DEBUG] cheese - null
[2021-10-29T20:51:10.971] [DEBUG] cheese - login => username:admin,password:123456
[2021-10-29T20:51:10.972] [DEBUG] cheese - admin
[2021-10-29T20:51:10.984] [DEBUG] cheese - null
[2021-10-29T20:51:10.984] [DEBUG] cheese - null
[2021-10-29T20:57:15.847] [DEBUG] cheese - login => username:admin,password:123456
[2021-10-29T20:57:15.849] [DEBUG] cheese - admin
[2021-10-29T20:57:15.856] [DEBUG] cheese - null
[2021-10-29T20:57:15.857] [DEBUG] cheese - null
[2021-10-29T20:59:51.815] [DEBUG] cheese - login => username:admin,password:123456
[2021-10-29T20:59:51.815] [DEBUG] cheese - admin
[2021-10-29T20:59:51.818] [DEBUG] cheese - null
[2021-10-29T20:59:51.818] [DEBUG] cheese - null
[2021-10-29T21:06:26.846] [DEBUG] cheese - login => username:admin,password:123456
[2021-10-29T21:06:26.846] [DEBUG] cheese - admin
[2021-10-29T21:06:26.848] [DEBUG] cheese - null
[2021-10-29T21:06:26.848] [DEBUG] cheese - null
[2021-10-29T21:17:59.255] [DEBUG] cheese - login => username:admin,password:123456
[2021-10-29T21:17:59.256] [DEBUG] cheese - admin
[2021-10-29T21:17:59.261] [DEBUG] cheese - null
[2021-10-29T21:17:59.262] [DEBUG] cheese - null
[2021-10-29T23:25:34.175] [DEBUG] cheese - login => username:admin,password:123456
[2021-10-29T23:25:34.176] [DEBUG] cheese - admin
[2021-10-29T23:25:34.182] [DEBUG] cheese - null
[2021-10-29T23:25:34.183] [DEBUG] cheese - null
[2021-10-30T17:53:19.235] [DEBUG] cheese - login => username:admin,password:123456
[2021-10-30T17:53:19.237] [DEBUG] cheese - admin
[2021-10-30T17:53:19.368] [DEBUG] cheese - null
[2021-10-30T17:53:19.369] [DEBUG] cheese - null
[2021-10-31T10:37:22.734] [DEBUG] cheese - login => username:admin,password:123456
[2021-10-31T10:37:22.736] [DEBUG] cheese - admin
[2021-10-31T10:37:22.869] [DEBUG] cheese - null
[2021-10-31T10:37:22.869] [DEBUG] cheese - null
[2021-10-31T10:39:07.017] [DEBUG] cheese - login => username:admin,password:123456
[2021-10-31T10:39:07.018] [DEBUG] cheese - admin
[2021-10-31T10:39:07.026] [DEBUG] cheese - null
[2021-10-31T10:39:07.026] [DEBUG] cheese - null
[2021-10-31T12:42:11.382] [DEBUG] cheese - login => username:admin,password:123456
[2021-10-31T12:42:11.387] [DEBUG] cheese - admin
[2021-10-31T12:42:11.393] [DEBUG] cheese - null
[2021-10-31T12:42:11.394] [DEBUG] cheese - null
[2021-10-31T18:58:53.564] [DEBUG] cheese - login => username:admin,password:123456
[2021-10-31T18:58:53.569] [DEBUG] cheese - admin
[2021-10-31T18:58:53.589] [DEBUG] cheese - null
[2021-10-31T18:58:53.590] [DEBUG] cheese - null
[2021-10-31T21:05:43.088] [DEBUG] cheese - null
[2021-10-31T21:18:34.324] [DEBUG] cheese - null
[2021-11-01T11:10:16.813] [DEBUG] cheese - login => username:admin,password:123456
[2021-11-01T11:10:16.814] [DEBUG] cheese - admin
[2021-11-01T11:10:16.876] [DEBUG] cheese - null
[2021-11-01T11:10:16.877] [DEBUG] cheese - null
[2021-11-01T13:17:23.613] [DEBUG] cheese - login => username:admin,password:123456
[2021-11-01T13:17:23.615] [DEBUG] cheese - admin
[2021-11-01T13:17:23.630] [DEBUG] cheese - null
[2021-11-01T13:17:23.631] [DEBUG] cheese - null
[2022-03-02T14:21:13.173] [DEBUG] cheese - login => username:admin,password:123456
[2022-03-02T14:21:13.174] [DEBUG] cheese - admin
[2022-03-02T14:21:13.265] [DEBUG] cheese - null
[2022-03-02T14:21:13.265] [DEBUG] cheese - null
[2022-03-02T14:28:40.278] [DEBUG] cheese - login => username:admin,password:123456
[2022-03-02T14:28:40.279] [DEBUG] cheese - admin
[2022-03-02T14:28:40.286] [DEBUG] cheese - null
[2022-03-02T14:28:40.287] [DEBUG] cheese - null
[2022-03-02T14:30:29.133] [DEBUG] cheese - login => username:admin,password:123456
[2022-03-02T14:30:29.134] [DEBUG] cheese - admin
[2022-03-02T14:30:29.135] [DEBUG] cheese - null
[2022-03-02T14:30:29.136] [DEBUG] cheese - null
[2022-03-07T16:26:00.753] [DEBUG] cheese - login => username:admin,password:123456
[2022-03-07T16:26:00.757] [DEBUG] cheese - admin
[2022-03-07T16:26:00.828] [DEBUG] cheese - null
[2022-03-07T16:26:00.828] [DEBUG] cheese - null
[2022-04-17T18:47:26.520] [DEBUG] cheese - login => username:admin,password:123456
[2022-04-17T18:47:26.522] [DEBUG] cheese - admin
[2022-04-17T18:47:26.581] [DEBUG] cheese - null
[2022-04-17T18:47:26.582] [DEBUG] cheese - null
[2022-04-17T19:04:39.035] [DEBUG] cheese - login => username:admin,password:123456
[2022-04-17T19:04:39.035] [DEBUG] cheese - admin
[2022-04-17T19:04:39.039] [DEBUG] cheese - null
[2022-04-17T19:04:39.040] [DEBUG] cheese - null
[2022-04-17T19:31:47.399] [DEBUG] cheese - login => username:admin,password:123456
[2022-04-17T19:31:47.399] [DEBUG] cheese - admin
[2022-04-17T19:31:47.404] [DEBUG] cheese - null
[2022-04-17T19:31:47.405] [DEBUG] cheese - null
[2022-04-17T19:31:55.715] [DEBUG] cheese - login => username:admin,password:123456
[2022-04-17T19:31:55.716] [DEBUG] cheese - admin
[2022-04-17T19:31:55.719] [DEBUG] cheese - null
[2022-04-17T19:31:55.719] [DEBUG] cheese - null
[2022-04-17T19:56:06.851] [DEBUG] cheese - login => username:admin,password:123456
[2022-04-17T19:56:06.853] [DEBUG] cheese - admin
[2022-04-17T19:56:06.859] [DEBUG] cheese - null
[2022-04-17T19:56:06.860] [DEBUG] cheese - null
[2022-04-17T19:57:39.391] [DEBUG] cheese - login => username:admin,password:123456
[2022-04-17T19:57:39.391] [DEBUG] cheese - admin
[2022-04-17T19:57:39.394] [DEBUG] cheese - null
[2022-04-17T19:57:39.394] [DEBUG] cheese - null
[2022-04-17T20:03:28.282] [DEBUG] cheese - null
[2022-04-17T20:17:26.926] [DEBUG] cheese - login => username:zhangsan,password:123456
[2022-04-17T20:17:26.926] [DEBUG] cheese - zhangsan
[2022-04-17T20:17:26.930] [DEBUG] cheese - null
[2022-04-17T20:17:26.931] [DEBUG] cheese - null
[2022-04-17T20:17:28.229] [DEBUG] cheese - login => username:zhangsan,password:123456
[2022-04-17T20:17:28.229] [DEBUG] cheese - zhangsan
[2022-04-17T20:17:28.233] [DEBUG] cheese - null
[2022-04-17T20:17:28.233] [DEBUG] cheese - null
[2022-04-17T20:17:32.290] [DEBUG] cheese - login => username:zhangsan,password:123456
[2022-04-17T20:17:32.291] [DEBUG] cheese - zhangsan
[2022-04-17T20:17:32.294] [DEBUG] cheese - null
[2022-04-17T20:17:32.294] [DEBUG] cheese - null
[2022-04-17T20:17:33.329] [DEBUG] cheese - login => username:zhangsan,password:123456
[2022-04-17T20:17:33.330] [DEBUG] cheese - zhangsan
[2022-04-17T20:17:33.333] [DEBUG] cheese - null
[2022-04-17T20:17:33.333] [DEBUG] cheese - null
[2022-04-17T20:17:42.618] [DEBUG] cheese - login => username:zhangsan,password:123456
[2022-04-17T20:17:42.618] [DEBUG] cheese - zhangsan
[2022-04-17T20:17:42.621] [DEBUG] cheese - null
[2022-04-17T20:17:42.621] [DEBUG] cheese - null
[2022-04-17T20:17:56.879] [DEBUG] cheese - login => username:zhangsan,password:123456
[2022-04-17T20:17:56.879] [DEBUG] cheese - zhangsan
[2022-04-17T20:17:56.884] [DEBUG] cheese - null
[2022-04-17T20:17:56.884] [DEBUG] cheese - null
[2022-04-17T20:18:00.140] [DEBUG] cheese - null
[2022-04-17T20:18:00.148] [DEBUG] cheese - null
[2022-04-17T20:18:04.895] [DEBUG] cheese - null
[2022-04-17T20:18:04.898] [DEBUG] cheese - null
[2022-04-17T20:18:10.011] [DEBUG] cheese - null
[2022-04-17T20:18:10.015] [DEBUG] cheese - null
[2022-04-17T20:18:19.721] [DEBUG] cheese - null
[2022-04-17T20:18:19.724] [DEBUG] cheese - null
[2022-04-17T20:18:19.773] [DEBUG] cheese - null
[2022-04-17T20:18:19.779] [DEBUG] cheese - null
[2022-04-17T20:18:25.287] [DEBUG] cheese - null
[2022-04-17T20:18:25.292] [DEBUG] cheese - null
[2022-04-17T20:18:46.971] [DEBUG] cheese - null
[2022-04-17T20:18:46.975] [DEBUG] cheese - null
[2022-04-17T20:19:49.092] [DEBUG] cheese - null
[2022-04-17T20:19:49.100] [DEBUG] cheese - null
[2022-04-17T20:19:51.244] [DEBUG] cheese - null
[2022-04-17T20:19:51.247] [DEBUG] cheese - null
[2022-04-17T20:19:56.278] [DEBUG] cheese - null
[2022-04-17T20:19:56.281] [DEBUG] cheese - null
[2022-04-17T20:19:58.949] [DEBUG] cheese - null
[2022-04-17T20:19:58.952] [DEBUG] cheese - null
[2022-04-17T20:20:00.301] [DEBUG] cheese - null
[2022-04-17T20:20:00.303] [DEBUG] cheese - null
[2022-04-17T20:20:02.241] [DEBUG] cheese - null
[2022-04-17T20:20:02.244] [DEBUG] cheese - null
[2022-04-17T20:20:04.093] [DEBUG] cheese - null
[2022-04-17T20:20:04.097] [DEBUG] cheese - null
[2022-04-17T20:20:17.498] [DEBUG] cheese - login => username:admin,password:123456
[2022-04-17T20:20:17.498] [DEBUG] cheese - admin
[2022-04-17T20:20:17.501] [DEBUG] cheese - null
[2022-04-17T20:20:17.502] [DEBUG] cheese - null
[2022-04-18T18:15:37.056] [DEBUG] cheese - login => username:admin,password:123456
[2022-04-18T18:15:37.058] [DEBUG] cheese - admin
[2022-04-18T18:15:37.119] [DEBUG] cheese - null
[2022-04-18T18:15:37.119] [DEBUG] cheese - null
[2022-04-18T18:24:03.326] [DEBUG] cheese - login => username:admin,password:123456
[2022-04-18T18:24:03.327] [DEBUG] cheese - admin
[2022-04-18T18:24:03.331] [DEBUG] cheese - null
[2022-04-18T18:24:03.332] [DEBUG] cheese - null
[2022-04-18T19:56:21.555] [DEBUG] cheese - login => username:admin,password:123456
[2022-04-18T19:56:21.557] [DEBUG] cheese - admin
[2022-04-18T19:56:21.604] [DEBUG] cheese - null
[2022-04-18T19:56:21.606] [DEBUG] cheese - null
[2022-04-18T19:56:26.484] [DEBUG] cheese - login => username:admin,password:123456
[2022-04-18T19:56:26.485] [DEBUG] cheese - admin
[2022-04-18T19:56:26.489] [DEBUG] cheese - null
[2022-04-18T19:56:26.490] [DEBUG] cheese - null
[2022-04-18T20:52:03.081] [DEBUG] cheese - login => username:admin,password:123456
[2022-04-18T20:52:03.081] [DEBUG] cheese - admin
[2022-04-18T20:52:03.092] [DEBUG] cheese - null
[2022-04-18T20:52:03.093] [DEBUG] cheese - null
[2022-04-18T20:52:08.418] [DEBUG] cheese - login => username:admin,password:123456
[2022-04-18T20:52:08.418] [DEBUG] cheese - admin
[2022-04-18T20:52:08.425] [DEBUG] cheese - null
[2022-04-18T20:52:08.425] [DEBUG] cheese - null
[2022-04-18T20:55:37.178] [DEBUG] cheese - login => username:admin,password:123456
[2022-04-18T20:55:37.185] [DEBUG] cheese - admin
[2022-04-18T20:55:37.188] [DEBUG] cheese - null
[2022-04-18T20:55:37.188] [DEBUG] cheese - null
[2022-04-18T20:55:41.412] [DEBUG] cheese - login => username:admin,password:123456
[2022-04-18T20:55:41.412] [DEBUG] cheese - admin
[2022-04-18T20:55:41.417] [DEBUG] cheese - null
[2022-04-18T20:55:41.418] [DEBUG] cheese - null
[2022-04-18T21:01:06.048] [DEBUG] cheese - login => username:admin,password:123456
[2022-04-18T21:01:06.048] [DEBUG] cheese - admin
[2022-04-18T21:01:06.052] [DEBUG] cheese - null
[2022-04-18T21:01:06.052] [DEBUG] cheese - null
[2022-04-18T21:21:37.718] [DEBUG] cheese - login => username:admin,password:123456
[2022-04-18T21:21:37.718] [DEBUG] cheese - admin
[2022-04-18T21:21:37.722] [DEBUG] cheese - null
[2022-04-18T21:21:37.722] [DEBUG] cheese - null
[2022-04-18T21:21:50.963] [DEBUG] cheese - login => username:admin,password:123456
[2022-04-18T21:21:50.965] [DEBUG] cheese - admin
[2022-04-18T21:21:50.975] [DEBUG] cheese - null
[2022-04-18T21:21:50.975] [DEBUG] cheese - null
[2022-04-18T21:23:06.153] [DEBUG] cheese - login => username:admin,password:123456
[2022-04-18T21:23:06.153] [DEBUG] cheese - admin
[2022-04-18T21:23:06.155] [DEBUG] cheese - null
[2022-04-18T21:23:06.155] [DEBUG] cheese - null
[2022-04-18T21:23:11.131] [DEBUG] cheese - login => username:admin,password:123456
[2022-04-18T21:23:11.131] [DEBUG] cheese - admin
[2022-04-18T21:23:11.135] [DEBUG] cheese - null
[2022-04-18T21:23:11.135] [DEBUG] cheese - null
[2022-04-18T21:32:49.993] [DEBUG] cheese - login => username:admin,password:123456
[2022-04-18T21:32:49.993] [DEBUG] cheese - admin
[2022-04-18T21:32:50.001] [DEBUG] cheese - null
[2022-04-18T21:32:50.001] [DEBUG] cheese - null
[2022-04-18T21:56:36.095] [DEBUG] cheese - login => username:admin,password:123456
[2022-04-18T21:56:36.100] [DEBUG] cheese - admin
[2022-04-18T21:56:36.104] [DEBUG] cheese - null
[2022-04-18T21:56:36.104] [DEBUG] cheese - null
[2022-04-18T22:06:20.877] [DEBUG] cheese - login => username:admin,password:123456
[2022-04-18T22:06:20.879] [DEBUG] cheese - admin
[2022-04-18T22:06:20.885] [DEBUG] cheese - null
[2022-04-18T22:06:20.885] [DEBUG] cheese - null
[2022-04-18T22:35:04.883] [DEBUG] cheese - login => username:admin,password:123456
[2022-04-18T22:35:04.885] [DEBUG] cheese - admin
[2022-04-18T22:35:04.888] [DEBUG] cheese - null
[2022-04-18T22:35:04.889] [DEBUG] cheese - null
[2022-05-01T15:05:59.279] [DEBUG] cheese - login => username:admin,password:123456
[2022-05-01T15:05:59.280] [DEBUG] cheese - admin
[2022-05-01T15:05:59.349] [DEBUG] cheese - null
[2022-05-01T15:05:59.350] [DEBUG] cheese - null
[2022-05-01T15:06:21.535] [DEBUG] cheese - login => username:admin,password:123456
[2022-05-01T15:06:21.535] [DEBUG] cheese - admin
[2022-05-01T15:06:21.540] [DEBUG] cheese - null
[2022-05-01T15:06:21.540] [DEBUG] cheese - null
[2022-05-01T15:06:45.867] [DEBUG] cheese - login => username:admin,password:123456
[2022-05-01T15:06:45.867] [DEBUG] cheese - admin
[2022-05-01T15:06:45.871] [DEBUG] cheese - null
[2022-05-01T15:06:45.871] [DEBUG] cheese - null
[2022-05-21T20:35:58.371] [DEBUG] cheese - login => username:admin,password:123456
[2022-05-21T20:35:58.373] [DEBUG] cheese - admin
[2022-05-21T20:35:58.487] [DEBUG] cheese - null
[2022-05-21T20:35:58.487] [DEBUG] cheese - null
[2022-05-21T21:01:12.376] [DEBUG] cheese - login => username:admin,password:123456
[2022-05-21T21:01:12.376] [DEBUG] cheese - admin
[2022-05-21T21:01:12.379] [DEBUG] cheese - null
[2022-05-21T21:01:12.380] [DEBUG] cheese - null
[2023-02-10T13:54:40.496] [DEBUG] cheese - login => username:admin,password:123456
[2023-02-10T13:54:40.498] [DEBUG] cheese - admin
[2023-02-10T13:54:40.526] [DEBUG] cheese - null
[2023-02-10T13:54:40.527] [DEBUG] cheese - null
[2023-02-10T13:56:27.918] [DEBUG] cheese - login => username:admin,password:123456
[2023-02-10T13:56:27.920] [DEBUG] cheese - admin
[2023-02-10T13:56:27.924] [DEBUG] cheese - null
[2023-02-10T13:56:27.924] [DEBUG] cheese - null
[2023-02-10T13:58:51.439] [DEBUG] cheese - login => username:coderwhy,password:123456
[2023-02-10T13:58:51.439] [DEBUG] cheese - coderwhy
[2023-02-10T13:58:51.442] [DEBUG] cheese - null
[2023-02-10T13:58:51.442] [DEBUG] cheese - null
[2023-02-10T13:58:53.958] [DEBUG] cheese - login => username:coderwhy,password:123456
[2023-02-10T13:58:53.958] [DEBUG] cheese - coderwhy
[2023-02-10T13:58:53.968] [DEBUG] cheese - null
[2023-02-10T13:58:53.969] [DEBUG] cheese - null
[2023-02-10T13:59:00.304] [DEBUG] cheese - login => username:coderwhy,password:123456
[2023-02-10T13:59:00.304] [DEBUG] cheese - coderwhy
[2023-02-10T13:59:00.306] [DEBUG] cheese - null
[2023-02-10T13:59:00.306] [DEBUG] cheese - null
[2023-02-10T13:59:05.717] [DEBUG] cheese - login => username:admin,password:123456
[2023-02-10T13:59:05.717] [DEBUG] cheese - admin
[2023-02-10T13:59:05.719] [DEBUG] cheese - null
[2023-02-10T13:59:05.720] [DEBUG] cheese - null
[2023-02-10T14:06:06.529] [DEBUG] cheese - login => username:zlkun,password:123456
[2023-02-10T14:06:06.530] [DEBUG] cheese - zlkun
[2023-02-10T14:06:06.533] [DEBUG] cheese - null
[2023-02-10T14:06:06.533] [DEBUG] cheese - null
[2023-02-10T14:06:13.339] [DEBUG] cheese - null
[2023-02-10T14:06:13.357] [DEBUG] cheese - null
[2023-02-10T14:06:14.984] [DEBUG] cheese - null
[2023-02-10T14:06:14.986] [DEBUG] cheese - null
[2023-02-10T14:06:16.910] [DEBUG] cheese - null
[2023-02-10T14:06:16.915] [DEBUG] cheese - null
[2023-02-10T14:06:17.738] [DEBUG] cheese - null
[2023-02-10T14:06:17.747] [DEBUG] cheese - null
[2023-02-10T14:06:18.674] [DEBUG] cheese - null
[2023-02-10T14:06:18.677] [DEBUG] cheese - null
[2023-02-10T14:06:20.160] [DEBUG] cheese - null
[2023-02-10T14:06:20.177] [DEBUG] cheese - null
[2023-02-10T14:06:21.369] [DEBUG] cheese - null
[2023-02-10T14:06:29.102] [DEBUG] cheese - null
[2023-02-10T14:06:38.658] [DEBUG] cheese - null
[2023-02-10T14:06:38.661] [DEBUG] cheese - null
[2023-02-10T14:06:51.072] [DEBUG] cheese - login => username:admin,password:123456
[2023-02-10T14:06:51.072] [DEBUG] cheese - admin
[2023-02-10T14:06:51.074] [DEBUG] cheese - null
[2023-02-10T14:06:51.074] [DEBUG] cheese - null
[2023-02-10T14:08:26.814] [DEBUG] cheese - login => username:zlkun,password:123456
[2023-02-10T14:08:26.814] [DEBUG] cheese - zlkun
[2023-02-10T14:08:26.816] [DEBUG] cheese - null
[2023-02-10T14:08:26.816] [DEBUG] cheese - null
[2023-02-10T14:08:31.038] [DEBUG] cheese - null
[2023-02-10T14:08:45.037] [DEBUG] cheese - null
[2023-02-10T14:08:51.535] [DEBUG] cheese - null
[2023-02-10T14:08:51.538] [DEBUG] cheese - null
[2023-02-10T14:08:54.939] [DEBUG] cheese - null
[2023-02-10T14:09:30.410] [DEBUG] cheese - null
[2023-02-10T14:09:30.414] [DEBUG] cheese - null
[2023-02-10T14:09:35.992] [DEBUG] cheese - null
[2023-02-10T14:09:35.994] [DEBUG] cheese - null
[2023-02-10T14:09:39.248] [DEBUG] cheese - null
[2023-02-10T14:09:39.250] [DEBUG] cheese - null
[2023-02-10T14:09:41.855] [DEBUG] cheese - null
[2023-02-10T14:09:41.858] [DEBUG] cheese - null
[2023-02-10T14:09:47.824] [DEBUG] cheese - null
[2023-02-10T14:09:47.827] [DEBUG] cheese - null
[2023-02-10T14:09:47.918] [DEBUG] cheese - null
[2023-02-10T14:09:47.920] [DEBUG] cheese - null
[2023-02-10T14:09:52.540] [DEBUG] cheese - null
[2023-02-10T14:09:56.224] [DEBUG] cheese - null
[2023-02-10T14:10:04.240] [DEBUG] cheese - login => username:zlkun,password:123456
[2023-02-10T14:10:04.241] [DEBUG] cheese - zlkun
[2023-02-10T14:10:04.244] [DEBUG] cheese - null
[2023-02-10T14:10:04.244] [DEBUG] cheese - null
[2023-02-10T14:10:06.104] [DEBUG] cheese - null
[2023-02-10T14:10:10.525] [DEBUG] cheese - null
[2023-02-10T14:10:10.546] [DEBUG] cheese - null
[2023-02-10T14:10:14.072] [DEBUG] cheese - null
[2023-02-10T14:10:14.074] [DEBUG] cheese - null
[2023-02-10T14:10:57.087] [DEBUG] cheese - null
[2023-02-10T14:10:57.090] [DEBUG] cheese - null
[2023-02-10T14:10:57.162] [DEBUG] cheese - null
[2023-02-10T14:10:57.165] [DEBUG] cheese - null
[2023-02-10T14:10:58.890] [DEBUG] cheese - null
[2023-02-10T14:10:58.892] [DEBUG] cheese - null
[2023-02-10T14:11:18.405] [DEBUG] cheese - null
[2023-02-10T14:11:18.407] [DEBUG] cheese - null
[2023-02-10T14:11:18.470] [DEBUG] cheese - null
[2023-02-10T14:11:18.472] [DEBUG] cheese - null
[2023-02-10T14:11:23.066] [DEBUG] cheese - null
[2023-02-10T14:11:23.070] [DEBUG] cheese - null
[2023-02-10T14:11:26.841] [DEBUG] cheese - null
[2023-02-10T14:11:26.845] [DEBUG] cheese - null
[2023-02-10T14:11:29.245] [DEBUG] cheese - null
[2023-02-10T14:11:29.249] [DEBUG] cheese - null
[2023-02-10T14:11:32.636] [DEBUG] cheese - null
[2023-02-10T14:11:32.639] [DEBUG] cheese - null
[2023-02-10T14:11:32.714] [DEBUG] cheese - null
[2023-02-10T14:11:32.717] [DEBUG] cheese - null
[2023-02-10T14:11:37.738] [DEBUG] cheese - null
[2023-02-10T14:11:49.903] [DEBUG] cheese - login => username:zlkun,password:123456
[2023-02-10T14:11:49.903] [DEBUG] cheese - zlkun
[2023-02-10T14:11:49.906] [DEBUG] cheese - null
[2023-02-10T14:11:49.906] [DEBUG] cheese - null
[2023-02-10T14:11:53.958] [DEBUG] cheese - null
[2023-02-10T14:11:53.961] [DEBUG] cheese - null
[2023-02-10T14:11:56.590] [DEBUG] cheese - null
[2023-02-10T14:12:01.827] [DEBUG] cheese - null
[2023-02-10T14:12:01.830] [DEBUG] cheese - null
[2023-02-10T14:12:06.235] [DEBUG] cheese - null
[2023-02-10T14:12:06.237] [DEBUG] cheese - null
[2023-02-10T14:12:17.922] [DEBUG] cheese - null
[2023-02-10T14:12:17.929] [DEBUG] cheese - null
[2023-02-10T14:12:21.631] [DEBUG] cheese - null
[2023-02-10T14:12:21.634] [DEBUG] cheese - null
[2023-02-10T14:12:30.740] [DEBUG] cheese - null
[2023-02-10T14:12:34.786] [DEBUG] cheese - null
[2023-02-10T14:12:54.223] [DEBUG] cheese - login => username:admin,password:123456
[2023-02-10T14:12:54.223] [DEBUG] cheese - admin
[2023-02-10T14:12:54.226] [DEBUG] cheese - null
[2023-02-10T14:12:54.226] [DEBUG] cheese - null
[2023-02-10T14:13:56.119] [DEBUG] cheese - login => username:test,password:123456
[2023-02-10T14:13:56.119] [DEBUG] cheese - test
[2023-02-10T14:13:56.124] [DEBUG] cheese - null
[2023-02-10T14:13:56.124] [DEBUG] cheese - null
[2023-02-10T14:13:57.252] [DEBUG] cheese - login => username:test,password:123456
[2023-02-10T14:13:57.252] [DEBUG] cheese - test
[2023-02-10T14:13:57.255] [DEBUG] cheese - null
[2023-02-10T14:13:57.255] [DEBUG] cheese - null
[2023-02-10T14:14:09.614] [DEBUG] cheese - login => username:test,password:test
[2023-02-10T14:14:09.614] [DEBUG] cheese - test
[2023-02-10T14:14:09.615] [DEBUG] cheese - null
[2023-02-10T14:14:09.615] [DEBUG] cheese - null
[2023-02-10T14:14:19.310] [DEBUG] cheese - login => username:test,password:123456789
[2023-02-10T14:14:19.310] [DEBUG] cheese - test
[2023-02-10T14:14:19.312] [DEBUG] cheese - null
[2023-02-10T14:14:19.312] [DEBUG] cheese - null
[2023-02-10T14:14:23.617] [DEBUG] cheese - login => username:admin,password:123456
[2023-02-10T14:14:23.617] [DEBUG] cheese - admin
[2023-02-10T14:14:23.621] [DEBUG] cheese - null
[2023-02-10T14:14:23.621] [DEBUG] cheese - null
[2023-02-10T14:14:45.648] [DEBUG] cheese - login => username:asdf1,password:123456
[2023-02-10T14:14:45.649] [DEBUG] cheese - asdf1
[2023-02-10T14:14:45.651] [DEBUG] cheese - null
[2023-02-10T14:14:45.651] [DEBUG] cheese - null
[2023-02-10T14:14:49.796] [DEBUG] cheese - login => username:asdf1,password:12345678
[2023-02-10T14:14:49.796] [DEBUG] cheese - asdf1
[2023-02-10T14:14:49.799] [DEBUG] cheese - null
[2023-02-10T14:14:49.799] [DEBUG] cheese - null
[2023-02-10T14:14:52.551] [DEBUG] cheese - login => username:asdf1,password:123456789
[2023-02-10T14:14:52.551] [DEBUG] cheese - asdf1
[2023-02-10T14:14:52.553] [DEBUG] cheese - null
[2023-02-10T14:14:52.553] [DEBUG] cheese - null
[2023-02-10T14:14:58.134] [DEBUG] cheese - login => username:asdf1,password:123456
[2023-02-10T14:14:58.134] [DEBUG] cheese - asdf1
[2023-02-10T14:14:58.136] [DEBUG] cheese - null
[2023-02-10T14:14:58.137] [DEBUG] cheese - null
[2023-02-10T14:15:03.329] [DEBUG] cheese - login => username:asdf1,password:12345678
[2023-02-10T14:15:03.329] [DEBUG] cheese - asdf1
[2023-02-10T14:15:03.360] [DEBUG] cheese - null
[2023-02-10T14:15:03.360] [DEBUG] cheese - null
[2023-02-10T14:15:06.410] [DEBUG] cheese - login => username:asdf1,password:123456789
[2023-02-10T14:15:06.411] [DEBUG] cheese - asdf1
[2023-02-10T14:15:06.414] [DEBUG] cheese - null
[2023-02-10T14:15:06.414] [DEBUG] cheese - null
[2023-02-10T14:15:14.405] [DEBUG] cheese - login => username:admin,password:123456
[2023-02-10T14:15:14.405] [DEBUG] cheese - admin
[2023-02-10T14:15:14.407] [DEBUG] cheese - null
[2023-02-10T14:15:14.407] [DEBUG] cheese - null
[2023-02-10T14:16:14.391] [DEBUG] cheese - login => username:linken,password:123456
[2023-02-10T14:16:14.391] [DEBUG] cheese - linken
[2023-02-10T14:16:14.394] [DEBUG] cheese - null
[2023-02-10T14:16:14.395] [DEBUG] cheese - null
[2023-02-10T14:16:19.798] [DEBUG] cheese - login => username:linken,password:123456789
[2023-02-10T14:16:19.798] [DEBUG] cheese - linken
[2023-02-10T14:16:19.801] [DEBUG] cheese - null
[2023-02-10T14:16:19.801] [DEBUG] cheese - null
[2023-02-10T14:16:28.253] [DEBUG] cheese - login => username:linken,password:12345678
[2023-02-10T14:16:28.253] [DEBUG] cheese - linken
[2023-02-10T14:16:28.260] [DEBUG] cheese - null
[2023-02-10T14:16:28.260] [DEBUG] cheese - null
[2023-02-10T14:16:32.168] [DEBUG] cheese - login => username:admin,password:123456
[2023-02-10T14:16:32.168] [DEBUG] cheese - admin
[2023-02-10T14:16:32.172] [DEBUG] cheese - null
[2023-02-10T14:16:32.172] [DEBUG] cheese - null
[2023-02-10T14:16:55.991] [DEBUG] cheese - login => username:admin,password:123456789
[2023-02-10T14:16:55.991] [DEBUG] cheese - admin
[2023-02-10T14:16:55.993] [DEBUG] cheese - null
[2023-02-10T14:16:55.993] [DEBUG] cheese - null
[2023-02-10T14:16:58.627] [DEBUG] cheese - login => username:admin,password:12345678
[2023-02-10T14:16:58.627] [DEBUG] cheese - admin
[2023-02-10T14:16:58.629] [DEBUG] cheese - null
[2023-02-10T14:16:58.629] [DEBUG] cheese - null
[2023-02-10T14:17:02.634] [DEBUG] cheese - login => username:admin,password:123456
[2023-02-10T14:17:02.634] [DEBUG] cheese - admin
[2023-02-10T14:17:02.637] [DEBUG] cheese - null
[2023-02-10T14:17:02.637] [DEBUG] cheese - null
[2023-02-10T14:17:18.652] [DEBUG] cheese - login => username:zlkun,password:123456
[2023-02-10T14:17:18.653] [DEBUG] cheese - zlkun
[2023-02-10T14:17:18.654] [DEBUG] cheese - null
[2023-02-10T14:17:18.654] [DEBUG] cheese - null
[2023-02-10T14:18:06.993] [DEBUG] cheese - null
[2023-02-10T14:18:06.996] [DEBUG] cheese - null
[2023-02-10T14:18:14.426] [DEBUG] cheese - login => username:admin,password:123456
[2023-02-10T14:18:14.426] [DEBUG] cheese - admin
[2023-02-10T14:18:14.430] [DEBUG] cheese - null
[2023-02-10T14:18:14.430] [DEBUG] cheese - null
[2023-02-10T14:19:38.711] [DEBUG] cheese - login => username:zlkun,password:123456
[2023-02-10T14:19:38.711] [DEBUG] cheese - zlkun
[2023-02-10T14:19:38.714] [DEBUG] cheese - null
[2023-02-10T14:19:38.714] [DEBUG] cheese - null
[2023-02-10T14:22:21.427] [DEBUG] cheese - null
[2023-02-10T14:22:26.921] [DEBUG] cheese - login => username:admin,password:123456
[2023-02-10T14:22:26.921] [DEBUG] cheese - admin
[2023-02-10T14:22:26.925] [DEBUG] cheese - null
[2023-02-10T14:22:26.925] [DEBUG] cheese - null
[2023-02-10T14:27:23.801] [DEBUG] cheese - null
[2023-02-10T14:31:11.824] [DEBUG] cheese - login => username:admin,password:123456
[2023-02-10T14:31:11.825] [DEBUG] cheese - admin
[2023-02-10T14:31:11.839] [DEBUG] cheese - null
[2023-02-10T14:31:11.840] [DEBUG] cheese - null
[2023-02-10T14:32:02.512] [DEBUG] cheese - null
[2023-02-10T14:34:41.881] [DEBUG] cheese - null
[2023-02-10T14:34:47.619] [DEBUG] cheese - null
[2023-02-10T14:34:50.048] [DEBUG] cheese - null
[2023-02-10T14:34:58.427] [DEBUG] cheese - null
[2023-02-10T14:35:05.203] [DEBUG] cheese - null
[2023-02-10T14:35:14.641] [DEBUG] cheese - null
[2023-02-10T14:35:37.655] [DEBUG] cheese - null
[2023-02-10T14:35:41.703] [DEBUG] cheese - null
[2023-02-10T14:36:12.233] [DEBUG] cheese - null
[2023-02-10T14:36:24.972] [DEBUG] cheese - null
[2023-02-10T14:36:33.797] [DEBUG] cheese - null
[2023-02-10T14:36:44.428] [DEBUG] cheese - null
[2023-02-10T14:37:20.924] [DEBUG] cheese - null
[2023-02-10T14:38:04.946] [DEBUG] cheese - null
[2023-02-10T14:40:18.523] [DEBUG] cheese - null
[2023-02-10T14:47:06.058] [DEBUG] cheese - login => username:zlkun,password:123456
[2023-02-10T14:47:06.059] [DEBUG] cheese - zlkun
[2023-02-10T14:47:06.061] [DEBUG] cheese - null
[2023-02-10T14:47:06.062] [DEBUG] cheese - null
[2023-02-10T14:47:07.363] [DEBUG] cheese - null
[2023-02-10T14:47:07.366] [DEBUG] cheese - null
[2023-02-10T14:47:08.400] [DEBUG] cheese - null
[2023-02-10T14:47:08.402] [DEBUG] cheese - null
[2023-02-10T14:47:09.646] [DEBUG] cheese - null
[2023-02-10T14:47:09.648] [DEBUG] cheese - null
[2023-02-10T14:47:10.321] [DEBUG] cheese - null
[2023-02-10T14:47:10.325] [DEBUG] cheese - null
[2023-02-10T14:47:24.886] [DEBUG] cheese - null
[2023-02-10T14:47:24.888] [DEBUG] cheese - null
[2023-02-10T14:47:29.148] [DEBUG] cheese - null
[2023-02-10T14:47:29.150] [DEBUG] cheese - null
[2023-02-10T14:47:39.023] [DEBUG] cheese - null
[2023-02-10T14:47:39.028] [DEBUG] cheese - null
[2023-02-10T14:47:39.722] [DEBUG] cheese - null
[2023-02-10T14:47:39.724] [DEBUG] cheese - null
[2023-02-10T14:47:45.777] [DEBUG] cheese - login => username:admin,password:123456
[2023-02-10T14:47:45.777] [DEBUG] cheese - admin
[2023-02-10T14:47:45.779] [DEBUG] cheese - null
[2023-02-10T14:47:45.779] [DEBUG] cheese - null
[2023-02-10T14:47:56.151] [DEBUG] cheese - login => username:admin,password:123456
[2023-02-10T14:47:56.151] [DEBUG] cheese - admin
[2023-02-10T14:47:56.154] [DEBUG] cheese - null
[2023-02-10T14:47:56.154] [DEBUG] cheese - null
[2023-02-10T14:48:03.522] [DEBUG] cheese - login => username:zlkun,password:123456
[2023-02-10T14:48:03.522] [DEBUG] cheese - zlkun
[2023-02-10T14:48:03.524] [DEBUG] cheese - null
[2023-02-10T14:48:03.524] [DEBUG] cheese - null
[2023-02-10T14:48:05.418] [DEBUG] cheese - null
[2023-02-10T14:48:05.422] [DEBUG] cheese - null
[2023-02-10T14:48:11.549] [DEBUG] cheese - null
[2023-02-10T14:48:11.551] [DEBUG] cheese - null
[2023-02-10T14:48:22.129] [DEBUG] cheese - login => username:admin,password:123456
[2023-02-10T14:48:22.129] [DEBUG] cheese - admin
[2023-02-10T14:48:22.132] [DEBUG] cheese - null
[2023-02-10T14:48:22.132] [DEBUG] cheese - null
[2023-02-10T14:50:17.976] [DEBUG] cheese - login => username:admin,password:123456
[2023-02-10T14:50:17.976] [DEBUG] cheese - admin
[2023-02-10T14:50:17.979] [DEBUG] cheese - null
[2023-02-10T14:50:17.979] [DEBUG] cheese - null
[2023-02-10T14:50:25.016] [DEBUG] cheese - login => username:admin,password:123456
[2023-02-10T14:50:25.016] [DEBUG] cheese - admin
[2023-02-10T14:50:25.019] [DEBUG] cheese - null
[2023-02-10T14:50:25.019] [DEBUG] cheese - null
[2023-02-11T15:04:48.533] [DEBUG] cheese - login => username:admin,password:123456
[2023-02-11T15:04:48.535] [DEBUG] cheese - admin
[2023-02-11T15:04:48.689] [DEBUG] cheese - null
[2023-02-11T15:04:48.689] [DEBUG] cheese - null
[2023-02-11T15:40:15.724] [DEBUG] cheese - login => username:admin,password:123456
[2023-02-11T15:40:15.726] [DEBUG] cheese - admin
[2023-02-11T15:40:15.802] [DEBUG] cheese - null
[2023-02-11T15:40:15.802] [DEBUG] cheese - null
[2023-02-11T15:44:32.808] [DEBUG] cheese - login => username:admin,password:123456
[2023-02-11T15:44:32.808] [DEBUG] cheese - admin
[2023-02-11T15:44:32.823] [DEBUG] cheese - null
[2023-02-11T15:44:32.823] [DEBUG] cheese - null
[2023-02-11T16:07:34.539] [DEBUG] cheese - login => username:admin,password:123456
[2023-02-11T16:07:34.539] [DEBUG] cheese - admin
[2023-02-11T16:07:34.544] [DEBUG] cheese - null
[2023-02-11T16:07:34.544] [DEBUG] cheese - null
[2023-02-13T09:10:55.723] [DEBUG] cheese - login => username:admin,password:123456
[2023-02-13T09:10:55.724] [DEBUG] cheese - admin
[2023-02-13T09:10:55.750] [DEBUG] cheese - null
[2023-02-13T09:10:55.750] [DEBUG] cheese - null
[2023-02-13T09:24:13.211] [DEBUG] cheese - login => username:admin,password:123456
[2023-02-13T09:24:13.212] [DEBUG] cheese - admin
[2023-02-13T09:24:13.224] [DEBUG] cheese - null
[2023-02-13T09:24:13.224] [DEBUG] cheese - null
[2023-02-13T09:30:32.803] [DEBUG] cheese - login => username:admin,password:123456
[2023-02-13T09:30:32.805] [DEBUG] cheese - admin
[2023-02-13T09:30:32.822] [DEBUG] cheese - null
[2023-02-13T09:30:32.823] [DEBUG] cheese - null
[2023-02-13T09:48:21.662] [DEBUG] cheese - login => username:admin,password:123456
[2023-02-13T09:48:21.664] [DEBUG] cheese - admin
[2023-02-13T09:48:21.677] [DEBUG] cheese - null
[2023-02-13T09:48:21.677] [DEBUG] cheese - null
[2023-02-13T10:02:10.023] [DEBUG] cheese - login => username:admin,password:123456
[2023-02-13T10:02:10.023] [DEBUG] cheese - admin
[2023-02-13T10:02:10.027] [DEBUG] cheese - null
[2023-02-13T10:02:10.028] [DEBUG] cheese - null
[2023-02-13T11:04:13.907] [DEBUG] cheese - login => username:admin,password:123456
[2023-02-13T11:04:13.908] [DEBUG] cheese - admin
[2023-02-13T11:04:13.911] [DEBUG] cheese - null
[2023-02-13T11:04:13.912] [DEBUG] cheese - null
[2023-02-13T14:48:11.961] [DEBUG] cheese - login => username:admin,password:123456
[2023-02-13T14:48:11.961] [DEBUG] cheese - admin
[2023-02-13T14:48:11.965] [DEBUG] cheese - null
[2023-02-13T14:48:11.966] [DEBUG] cheese - null
[2023-02-13T20:34:06.135] [DEBUG] cheese - login => username:admin,password:123456
[2023-02-13T20:34:06.139] [DEBUG] cheese - admin
[2023-02-13T20:34:06.145] [DEBUG] cheese - null
[2023-02-13T20:34:06.145] [DEBUG] cheese - null
[2023-02-14T09:16:59.471] [DEBUG] cheese - login => username:admin,password:123456
[2023-02-14T09:16:59.473] [DEBUG] cheese - admin
[2023-02-14T09:16:59.475] [DEBUG] cheese - null
[2023-02-14T09:16:59.476] [DEBUG] cheese - null
[2023-02-14T10:08:41.927] [DEBUG] cheese - login => username:admin,password:123456
[2023-02-14T10:08:41.938] [DEBUG] cheese - admin
[2023-02-14T10:08:41.956] [DEBUG] cheese - null
[2023-02-14T10:08:41.956] [DEBUG] cheese - null
[2023-02-14T10:08:49.343] [DEBUG] cheese - login => username:admin,password:123456
[2023-02-14T10:08:49.343] [DEBUG] cheese - admin
[2023-02-14T10:08:49.346] [DEBUG] cheese - null
[2023-02-14T10:08:49.347] [DEBUG] cheese - null
[2023-02-14T13:10:58.163] [DEBUG] cheese - login => username:admin,password:123456
[2023-02-14T13:10:58.165] [DEBUG] cheese - admin
[2023-02-14T13:10:58.226] [DEBUG] cheese - null
[2023-02-14T13:10:58.226] [DEBUG] cheese - null
[2023-02-14T15:05:42.664] [DEBUG] cheese - login => username:admin,password:123456
[2023-02-14T15:05:42.666] [DEBUG] cheese - admin
[2023-02-14T15:05:42.672] [DEBUG] cheese - null
[2023-02-14T15:05:42.672] [DEBUG] cheese - null
[2023-02-14T15:06:43.867] [DEBUG] cheese - login => username:admin,password:123456
[2023-02-14T15:06:43.867] [DEBUG] cheese - admin
[2023-02-14T15:06:43.869] [DEBUG] cheese - null
[2023-02-14T15:06:43.870] [DEBUG] cheese - null
[2023-02-15T09:15:18.232] [DEBUG] cheese - login => username:admin,password:123456
[2023-02-15T09:15:18.233] [DEBUG] cheese - admin
[2023-02-15T09:15:18.960] [DEBUG] cheese - null
[2023-02-15T09:15:18.960] [DEBUG] cheese - null
[2023-02-15T15:56:42.338] [DEBUG] cheese - login => username:admin,password:123456
[2023-02-15T15:56:42.341] [DEBUG] cheese - admin
[2023-02-15T15:56:42.344] [DEBUG] cheese - null
[2023-02-15T15:56:42.344] [DEBUG] cheese - null
[2023-02-15T16:06:53.984] [DEBUG] cheese - login => username:admin,password:123456
[2023-02-15T16:06:53.984] [DEBUG] cheese - admin
[2023-02-15T16:06:53.986] [DEBUG] cheese - null
[2023-02-15T16:06:53.986] [DEBUG] cheese - null
[2023-02-15T16:12:37.500] [DEBUG] cheese - login => username:admin,password:123456
[2023-02-15T16:12:37.501] [DEBUG] cheese - admin
[2023-02-15T16:12:37.503] [DEBUG] cheese - null
[2023-02-15T16:12:37.503] [DEBUG] cheese - null
[2023-02-15T16:14:26.600] [DEBUG] cheese - login => username:admin,password:123456
[2023-02-15T16:14:26.600] [DEBUG] cheese - admin
[2023-02-15T16:14:26.602] [DEBUG] cheese - null
[2023-02-15T16:14:26.602] [DEBUG] cheese - null
[2023-02-15T16:14:31.257] [DEBUG] cheese - login => username:admin,password:123456
[2023-02-15T16:14:31.257] [DEBUG] cheese - admin
[2023-02-15T16:14:31.262] [DEBUG] cheese - null
[2023-02-15T16:14:31.262] [DEBUG] cheese - null
[2023-02-15T16:16:22.454] [DEBUG] cheese - login => username:admin,password:123456
[2023-02-15T16:16:22.454] [DEBUG] cheese - admin
[2023-02-15T16:16:22.456] [DEBUG] cheese - null
[2023-02-15T16:16:22.456] [DEBUG] cheese - null
[2023-02-15T16:52:56.213] [DEBUG] cheese - login => username:admin,password:123456
[2023-02-15T16:52:56.214] [DEBUG] cheese - admin
[2023-02-15T16:52:56.226] [DEBUG] cheese - null
[2023-02-15T16:52:56.227] [DEBUG] cheese - null
[2023-02-15T17:05:53.820] [DEBUG] cheese - login => username:admin,password:123456
[2023-02-15T17:05:53.822] [DEBUG] cheese - admin
[2023-02-15T17:05:53.828] [DEBUG] cheese - null
[2023-02-15T17:05:53.828] [DEBUG] cheese - null
[2023-02-15T17:06:04.918] [DEBUG] cheese - login => username:admin,password:123456
[2023-02-15T17:06:04.918] [DEBUG] cheese - admin
[2023-02-15T17:06:04.921] [DEBUG] cheese - null
[2023-02-15T17:06:04.921] [DEBUG] cheese - null
[2023-02-15T17:07:48.089] [DEBUG] cheese - login => username:admin,password:123456
[2023-02-15T17:07:48.089] [DEBUG] cheese - admin
[2023-02-15T17:07:48.091] [DEBUG] cheese - null
[2023-02-15T17:07:48.092] [DEBUG] cheese - null
[2023-02-15T17:07:52.781] [DEBUG] cheese - login => username:admin,password:123456
[2023-02-15T17:07:52.781] [DEBUG] cheese - admin
[2023-02-15T17:07:52.784] [DEBUG] cheese - null
[2023-02-15T17:07:52.784] [DEBUG] cheese - null
[2023-02-15T17:12:26.320] [DEBUG] cheese - login => username:admin,password:123456
[2023-02-15T17:12:26.320] [DEBUG] cheese - admin
[2023-02-15T17:12:26.323] [DEBUG] cheese - null
[2023-02-15T17:12:26.323] [DEBUG] cheese - null
[2023-02-15T17:15:51.201] [DEBUG] cheese - login => username:admin,password:123456
[2023-02-15T17:15:51.202] [DEBUG] cheese - admin
[2023-02-15T17:15:51.208] [DEBUG] cheese - null
[2023-02-15T17:15:51.208] [DEBUG] cheese - null
[2023-02-15T18:52:31.462] [DEBUG] cheese - login => username:admin,password:123456
[2023-02-15T18:52:31.462] [DEBUG] cheese - admin
[2023-02-15T18:52:31.467] [DEBUG] cheese - null
[2023-02-15T18:52:31.468] [DEBUG] cheese - null
[2023-02-15T20:05:18.179] [DEBUG] cheese - login => username:admin,password:123456
[2023-02-15T20:05:18.180] [DEBUG] cheese - admin
[2023-02-15T20:05:18.183] [DEBUG] cheese - null
[2023-02-15T20:05:18.184] [DEBUG] cheese - null
[2023-02-15T20:29:49.342] [DEBUG] cheese - login => username:admin,password:123456
[2023-02-15T20:29:49.342] [DEBUG] cheese - admin
[2023-02-15T20:29:49.344] [DEBUG] cheese - null
[2023-02-15T20:29:49.345] [DEBUG] cheese - null
[2023-02-16T09:23:30.716] [DEBUG] cheese - login => username:admin,password:123456
[2023-02-16T09:23:30.717] [DEBUG] cheese - admin
[2023-02-16T09:23:30.720] [DEBUG] cheese - null
[2023-02-16T09:23:30.721] [DEBUG] cheese - null
[2023-02-16T10:35:00.262] [DEBUG] cheese - login => username:admin,password:123456
[2023-02-16T10:35:00.262] [DEBUG] cheese - admin
[2023-02-16T10:35:00.264] [DEBUG] cheese - null
[2023-02-16T10:35:00.265] [DEBUG] cheese - null
[2023-02-16T10:35:09.209] [DEBUG] cheese - login => username:admin,password:123456
[2023-02-16T10:35:09.209] [DEBUG] cheese - admin
[2023-02-16T10:35:09.211] [DEBUG] cheese - null
[2023-02-16T10:35:09.211] [DEBUG] cheese - null
[2023-02-16T11:04:49.373] [DEBUG] cheese - login => username:admin,password:123456
[2023-02-16T11:04:49.374] [DEBUG] cheese - admin
[2023-02-16T11:04:49.376] [DEBUG] cheese - null
[2023-02-16T11:04:49.376] [DEBUG] cheese - null
[2023-02-16T11:27:02.467] [DEBUG] cheese - null
[2023-02-16T11:27:15.467] [DEBUG] cheese - null
[2023-02-16T11:27:32.734] [DEBUG] cheese - null
[2023-02-16T11:28:50.609] [DEBUG] cheese - login => username:admin,password:123456
[2023-02-16T11:28:50.611] [DEBUG] cheese - admin
[2023-02-16T11:28:50.623] [DEBUG] cheese - null
[2023-02-16T11:28:50.624] [DEBUG] cheese - null
[2023-02-16T16:15:30.955] [DEBUG] cheese - login => username:admin,password:123456
[2023-02-16T16:15:30.956] [DEBUG] cheese - admin
[2023-02-16T16:15:30.961] [DEBUG] cheese - null
[2023-02-16T16:15:30.962] [DEBUG] cheese - null
[2023-02-16T16:29:49.237] [DEBUG] cheese - null
[2023-02-16T16:29:54.187] [DEBUG] cheese - null
[2023-02-16T16:30:00.993] [DEBUG] cheese - null
[2023-02-16T16:30:20.479] [DEBUG] cheese - null
[2023-02-16T16:31:07.837] [DEBUG] cheese - null
[2023-02-17T15:36:34.645] [DEBUG] cheese - login => username:admin,password:123456
[2023-02-17T15:36:34.648] [DEBUG] cheese - admin
[2023-02-17T15:36:34.838] [DEBUG] cheese - null
[2023-02-17T15:36:34.839] [DEBUG] cheese - null
[2023-02-17T16:32:21.621] [DEBUG] cheese - login => username:admin,password:123456
[2023-02-17T16:32:21.622] [DEBUG] cheese - admin
[2023-02-17T16:32:21.626] [DEBUG] cheese - null
[2023-02-17T16:32:21.627] [DEBUG] cheese - null
[2023-02-17T16:32:54.696] [DEBUG] cheese - login => username:admin,password:123456
[2023-02-17T16:32:54.696] [DEBUG] cheese - admin
[2023-02-17T16:32:54.698] [DEBUG] cheese - null
[2023-02-17T16:32:54.698] [DEBUG] cheese - null
[2023-02-17T16:33:37.090] [DEBUG] cheese - login => username:admin,password:123456
[2023-02-17T16:33:37.090] [DEBUG] cheese - admin
[2023-02-17T16:33:37.092] [DEBUG] cheese - null
[2023-02-17T16:33:37.092] [DEBUG] cheese - null
[2023-02-17T18:11:37.775] [DEBUG] cheese - login => username:admin,password:123456
[2023-02-17T18:11:37.777] [DEBUG] cheese - admin
[2023-02-17T18:11:37.796] [DEBUG] cheese - null
[2023-02-17T18:11:37.796] [DEBUG] cheese - null
[2023-02-17T19:08:56.012] [DEBUG] cheese - login => username:admin,password:123456
[2023-02-17T19:08:56.014] [DEBUG] cheese - admin
[2023-02-17T19:08:56.017] [DEBUG] cheese - null
[2023-02-17T19:08:56.017] [DEBUG] cheese - null
[2023-02-17T19:10:16.944] [DEBUG] cheese - login => username:admin,password:123456
[2023-02-17T19:10:16.945] [DEBUG] cheese - admin
[2023-02-17T19:10:16.947] [DEBUG] cheese - null
[2023-02-17T19:10:16.947] [DEBUG] cheese - null
[2023-02-17T19:12:27.222] [DEBUG] cheese - null
[2023-02-17T19:19:26.772] [DEBUG] cheese - login => username:admin,password:123456
[2023-02-17T19:19:26.773] [DEBUG] cheese - admin
[2023-02-17T19:19:26.780] [DEBUG] cheese - null
[2023-02-17T19:19:26.781] [DEBUG] cheese - null
[2023-02-17T19:21:09.055] [DEBUG] cheese - login => username:zlkun,password:123456
[2023-02-17T19:21:09.055] [DEBUG] cheese - zlkun
[2023-02-17T19:21:09.057] [DEBUG] cheese - null
[2023-02-17T19:21:09.058] [DEBUG] cheese - null
[2023-02-17T19:21:22.228] [DEBUG] cheese - login => username:admin,password:123456
[2023-02-17T19:21:22.229] [DEBUG] cheese - admin
[2023-02-17T19:21:22.232] [DEBUG] cheese - null
[2023-02-17T19:21:22.232] [DEBUG] cheese - null
[2023-02-17T19:21:55.734] [DEBUG] cheese - null
[2023-02-17T19:29:51.845] [DEBUG] cheese - login => username:admin,password:123456
[2023-02-17T19:29:51.846] [DEBUG] cheese - admin
[2023-02-17T19:29:51.849] [DEBUG] cheese - null
[2023-02-17T19:29:51.850] [DEBUG] cheese - null
[2023-02-20T10:15:58.698] [DEBUG] cheese - login => username:admin,password:123456
[2023-02-20T10:15:58.700] [DEBUG] cheese - admin
[2023-02-20T10:15:58.788] [DEBUG] cheese - null
[2023-02-20T10:15:58.790] [DEBUG] cheese - null
[2023-02-21T18:44:56.423] [DEBUG] cheese - login => username:admin,password:123456
[2023-02-21T18:44:56.432] [DEBUG] cheese - admin
[2023-02-21T18:44:57.121] [DEBUG] cheese - null
[2023-02-21T18:44:57.125] [DEBUG] cheese - null
[2023-02-23T10:49:02.666] [DEBUG] cheese - login => username:admin,password:123456
[2023-02-23T10:49:02.668] [DEBUG] cheese - admin
[2023-02-23T10:49:02.984] [DEBUG] cheese - null
[2023-02-23T10:49:02.986] [DEBUG] cheese - null
[2023-02-23T11:05:08.158] [DEBUG] cheese - null
[2023-02-23T11:05:22.448] [DEBUG] cheese - null
[2023-02-23T11:05:34.587] [DEBUG] cheese - null
[2023-02-27T10:13:51.905] [DEBUG] cheese - login => username:admin,password:123456
[2023-02-27T10:13:51.908] [DEBUG] cheese - admin
[2023-02-27T10:13:52.210] [DEBUG] cheese - null
[2023-02-27T10:13:52.211] [DEBUG] cheese - null
[2023-02-27T10:18:33.078] [DEBUG] cheese - null
[2023-02-27T10:49:00.653] [DEBUG] cheese - null
[2023-02-28T11:11:59.961] [DEBUG] cheese - login => username:admin,password:123456
[2023-02-28T11:11:59.965] [DEBUG] cheese - admin
[2023-02-28T11:11:59.979] [DEBUG] cheese - null
[2023-02-28T11:11:59.980] [DEBUG] cheese - null
[2023-03-06T15:50:31.041] [DEBUG] cheese - login => username:admin,password:123456
[2023-03-06T15:50:31.044] [DEBUG] cheese - admin
[2023-03-06T15:50:31.152] [DEBUG] cheese - null
[2023-03-06T15:50:31.153] [DEBUG] cheese - null
[2023-03-06T15:50:51.939] [DEBUG] cheese - login => username:admin,password:123456
[2023-03-06T15:50:51.939] [DEBUG] cheese - admin
[2023-03-06T15:50:51.958] [DEBUG] cheese - null
[2023-03-06T15:50:51.959] [DEBUG] cheese - null
[2023-03-06T15:53:49.608] [DEBUG] cheese - null
[2023-03-06T16:56:25.667] [DEBUG] cheese - null
[2023-03-06T17:02:00.959] [DEBUG] cheese - null
[2023-03-06T17:19:08.124] [DEBUG] cheese - null
[2023-03-07T08:54:34.751] [DEBUG] cheese - login => username:admin,password:123456
[2023-03-07T08:54:34.754] [DEBUG] cheese - admin
[2023-03-07T08:54:34.788] [DEBUG] cheese - null
[2023-03-07T08:54:34.788] [DEBUG] cheese - null
[2023-03-07T09:11:00.870] [DEBUG] cheese - null
[2023-03-07T09:11:11.925] [DEBUG] cheese - null
[2023-03-07T09:11:28.283] [DEBUG] cheese - null
[2023-03-07T10:01:22.801] [DEBUG] cheese - login => username:admin,password:123456
[2023-03-07T10:01:22.802] [DEBUG] cheese - admin
[2023-03-07T10:01:22.818] [DEBUG] cheese - null
[2023-03-07T10:01:22.819] [DEBUG] cheese - null
[2023-03-07T10:33:15.718] [DEBUG] cheese - login => username:admin,password:123456
[2023-03-07T10:33:15.719] [DEBUG] cheese - admin
[2023-03-07T10:33:15.725] [DEBUG] cheese - null
[2023-03-07T10:33:15.725] [DEBUG] cheese - null
[2023-03-07T14:09:01.751] [DEBUG] cheese - login => username:admin,password:123456
[2023-03-07T14:09:01.752] [DEBUG] cheese - admin
[2023-03-07T14:09:01.757] [DEBUG] cheese - null
[2023-03-07T14:09:01.757] [DEBUG] cheese - null
[2023-03-07T14:22:03.394] [DEBUG] cheese - null
[2023-03-07T14:37:34.597] [DEBUG] cheese - null
[2023-03-07T14:38:10.725] [DEBUG] cheese - null
[2023-03-07T14:41:21.651] [DEBUG] cheese - null
[2023-03-07T14:50:50.520] [DEBUG] cheese - null
[2023-03-07T14:51:05.186] [DEBUG] cheese - null
[2023-03-07T14:51:29.646] [DEBUG] cheese - null
[2023-03-07T14:51:45.688] [DEBUG] cheese - null
[2023-03-07T14:51:50.641] [DEBUG] cheese - null
[2023-03-07T14:52:37.459] [DEBUG] cheese - null
[2023-03-07T14:52:49.490] [DEBUG] cheese - null
[2023-03-07T14:53:05.771] [DEBUG] cheese - null
[2023-03-07T14:53:42.221] [DEBUG] cheese - null
[2023-03-07T14:53:52.028] [DEBUG] cheese - null
[2023-03-07T14:53:56.880] [DEBUG] cheese - null
[2023-03-07T15:30:38.431] [DEBUG] cheese - login => username:admin,password:123456
[2023-03-07T15:30:38.435] [DEBUG] cheese - admin
[2023-03-07T15:30:38.440] [DEBUG] cheese - null
[2023-03-07T15:30:38.441] [DEBUG] cheese - null
[2023-03-07T15:56:07.616] [DEBUG] cheese - login => username:admin,password:123456
[2023-03-07T15:56:07.617] [DEBUG] cheese - admin
[2023-03-07T15:56:07.679] [DEBUG] cheese - null
[2023-03-07T15:56:07.680] [DEBUG] cheese - null
[2023-03-07T16:37:05.550] [DEBUG] cheese - null
[2023-03-07T16:50:20.634] [DEBUG] cheese - login => username:admin,password:123456
[2023-03-07T16:50:20.634] [DEBUG] cheese - admin
[2023-03-07T16:50:20.637] [DEBUG] cheese - null
[2023-03-07T16:50:20.637] [DEBUG] cheese - null
[2023-03-07T17:06:12.603] [DEBUG] cheese - null
[2023-03-07T17:11:49.039] [DEBUG] cheese - login => username:zlkun,password:123456
[2023-03-07T17:11:49.040] [DEBUG] cheese - zlkun
[2023-03-07T17:11:49.043] [DEBUG] cheese - null
[2023-03-07T17:11:49.044] [DEBUG] cheese - null
[2023-03-07T17:11:52.265] [DEBUG] cheese - null
[2023-03-07T17:11:52.274] [DEBUG] cheese - null
[2023-03-07T17:11:54.084] [DEBUG] cheese - null
[2023-03-07T17:11:54.087] [DEBUG] cheese - null
[2023-03-07T17:12:02.532] [DEBUG] cheese - login => username:zlkun,password:123456
[2023-03-07T17:12:02.533] [DEBUG] cheese - zlkun
[2023-03-07T17:12:02.535] [DEBUG] cheese - null
[2023-03-07T17:12:02.535] [DEBUG] cheese - null
[2023-03-07T17:12:04.247] [DEBUG] cheese - login => username:zlkun,password:123456
[2023-03-07T17:12:04.247] [DEBUG] cheese - zlkun
[2023-03-07T17:12:04.249] [DEBUG] cheese - null
[2023-03-07T17:12:04.250] [DEBUG] cheese - null
[2023-03-07T17:12:06.439] [DEBUG] cheese - login => username:zlkun,password:123456
[2023-03-07T17:12:06.439] [DEBUG] cheese - zlkun
[2023-03-07T17:12:06.441] [DEBUG] cheese - null
[2023-03-07T17:12:06.441] [DEBUG] cheese - null
[2023-03-07T17:12:11.051] [DEBUG] cheese - login => username:admin,password:123456
[2023-03-07T17:12:11.051] [DEBUG] cheese - admin
[2023-03-07T17:12:11.054] [DEBUG] cheese - null
[2023-03-07T17:12:11.054] [DEBUG] cheese - null
[2023-03-07T17:14:24.558] [DEBUG] cheese - login => username:admin,password:123456
[2023-03-07T17:14:24.558] [DEBUG] cheese - admin
[2023-03-07T17:14:24.560] [DEBUG] cheese - null
[2023-03-07T17:14:24.561] [DEBUG] cheese - null
[2023-03-07T17:20:55.518] [DEBUG] cheese - login => username:admin,password:123456
[2023-03-07T17:20:55.518] [DEBUG] cheese - admin
[2023-03-07T17:20:55.520] [DEBUG] cheese - null
[2023-03-07T17:20:55.520] [DEBUG] cheese - null
